#
# There is insufficient memory for the Java Runtime Environment to continue.
# Native memory allocation (malloc) failed to allocate 417136 bytes. Error detail: Chunk::new
# Possible reasons:
#   The system is out of physical RAM or swap space
#   This process is running with CompressedOops enabled, and the Java Heap may be blocking the growth of the native heap
# Possible solutions:
#   Reduce memory load on the system
#   Increase physical memory or swap space
#   Check if swap backing store is full
#   Decrease Java heap size (-Xmx/-Xms)
#   Decrease number of Java threads
#   Decrease Java thread stack sizes (-Xss)
#   Set larger code cache with -XX:ReservedCodeCacheSize=
#   JVM is running with Unscaled Compressed Oops mode in which the Java heap is
#     placed in the first 4GB address space. The Java Heap base address is the
#     maximum limit for the native heap growth. Please use -XX:HeapBaseMinAddress
#     to set the Java Heap base and to place the Java Heap above 4GB virtual address.
# This output file may be truncated or incomplete.
#
#  Out of Memory Error (arena.cpp:191), pid=2732, tid=15228
#
# JRE version: OpenJDK Runtime Environment Temurin-17.0.11+9 (17.0.11+9) (build 17.0.11+9)
# Java VM: OpenJDK 64-Bit Server VM Temurin-17.0.11+9 (17.0.11+9, mixed mode, tiered, compressed oops, compressed class ptrs, g1 gc, windows-amd64)
# No core dump will be written. Minidumps are not enabled by default on client versions of Windows
#

---------------  S U M M A R Y ------------

Command Line: -ea -Dfile.encoding=UTF-8 -Dstdout.encoding=UTF-8 -Dstderr.encoding=UTF-8 -XX:+ShowCodeDetailsInExceptionMessages org.testng.remote.RemoteTestNG -serport 54186 -protocol json -d C:\Users\a1306\eclipse-workspace\COSPortal\test-output C:\Users\a1306\AppData\Local\Temp\testng-eclipse-1639919182\testng-customsuite.xml

Host: AMD EPYC 9554 64-Core Processor                , 4 cores, 7G,  Windows 10 , 64 bit Build 19041 (10.0.19041.3636)
Time: Wed Jul 17 15:49:28 2024 India Standard Time elapsed time: 0.440111 seconds (0d 0h 0m 0s)

---------------  T H R E A D  ---------------

Current thread (0x0000018a4d11d900):  JavaThread "C2 CompilerThread1" daemon [_thread_in_native, id=15228, stack(0x0000002f09100000,0x0000002f09200000)]


Current CompileTask:
C2:    440  633       4       java.util.jar.JarFile::getEntry (35 bytes)

Stack: [0x0000002f09100000,0x0000002f09200000]
Native frames: (J=compiled Java code, j=interpreted, Vv=VM code, C=native code)
V  [jvm.dll+0x67d429]
V  [jvm.dll+0x834b7a]
V  [jvm.dll+0x83663e]
V  [jvm.dll+0x836ca3]
V  [jvm.dll+0x247dbf]
V  [jvm.dll+0xac534]
V  [jvm.dll+0xacb7c]
V  [jvm.dll+0x366647]
V  [jvm.dll+0x330bba]
V  [jvm.dll+0x33005a]
V  [jvm.dll+0x21a471]
V  [jvm.dll+0x2198b1]
V  [jvm.dll+0x1a534d]
V  [jvm.dll+0x2295cd]
V  [jvm.dll+0x22779c]
V  [jvm.dll+0x7e9d07]
V  [jvm.dll+0x7e410a]
V  [jvm.dll+0x67c315]
C  [ucrtbase.dll+0x21bb2]
C  [KERNEL32.DLL+0x17344]
C  [ntdll.dll+0x4cc91]


---------------  P R O C E S S  ---------------

Threads class SMR info:
_java_thread_list=0x0000018a4d04f460, length=13, elements={
0x0000018a2f26f080, 0x0000018a48a4b940, 0x0000018a48a4cde0, 0x0000018a48aa2290,
0x0000018a48aa4f70, 0x0000018a48aa7940, 0x0000018a48aa8300, 0x0000018a48aa8ff0,
0x0000018a48b148d0, 0x0000018a48b185b0, 0x0000018a48c2b6e0, 0x0000018a48c3e8b0,
0x0000018a4d11d900
}

Java Threads: ( => current thread )
  0x0000018a2f26f080 JavaThread "main" [_thread_in_vm, id=15748, stack(0x0000002f07e00000,0x0000002f07f00000)]
  0x0000018a48a4b940 JavaThread "Reference Handler" daemon [_thread_blocked, id=14564, stack(0x0000002f08500000,0x0000002f08600000)]
  0x0000018a48a4cde0 JavaThread "Finalizer" daemon [_thread_blocked, id=9208, stack(0x0000002f08600000,0x0000002f08700000)]
  0x0000018a48aa2290 JavaThread "Signal Dispatcher" daemon [_thread_blocked, id=17832, stack(0x0000002f08700000,0x0000002f08800000)]
  0x0000018a48aa4f70 JavaThread "Attach Listener" daemon [_thread_blocked, id=1408, stack(0x0000002f08800000,0x0000002f08900000)]
  0x0000018a48aa7940 JavaThread "Service Thread" daemon [_thread_blocked, id=1216, stack(0x0000002f08900000,0x0000002f08a00000)]
  0x0000018a48aa8300 JavaThread "Monitor Deflation Thread" daemon [_thread_blocked, id=13772, stack(0x0000002f08a00000,0x0000002f08b00000)]
  0x0000018a48aa8ff0 JavaThread "C2 CompilerThread0" daemon [_thread_in_native, id=17524, stack(0x0000002f08b00000,0x0000002f08c00000)]
  0x0000018a48b148d0 JavaThread "C1 CompilerThread0" daemon [_thread_blocked, id=14956, stack(0x0000002f08c00000,0x0000002f08d00000)]
  0x0000018a48b185b0 JavaThread "Sweeper thread" daemon [_thread_blocked, id=8892, stack(0x0000002f08d00000,0x0000002f08e00000)]
  0x0000018a48c2b6e0 JavaThread "Notification Thread" daemon [_thread_blocked, id=5840, stack(0x0000002f08e00000,0x0000002f08f00000)]
  0x0000018a48c3e8b0 JavaThread "Common-Cleaner" daemon [_thread_blocked, id=6740, stack(0x0000002f09000000,0x0000002f09100000)]
=>0x0000018a4d11d900 JavaThread "C2 CompilerThread1" daemon [_thread_in_native, id=15228, stack(0x0000002f09100000,0x0000002f09200000)]

Other Threads:
  0x0000018a48a70630 VMThread "VM Thread" [stack: 0x0000002f08400000,0x0000002f08500000] [id=16672]
  0x0000018a48c2ffe0 WatcherThread [stack: 0x0000002f08f00000,0x0000002f09000000] [id=12548]
  0x0000018a2f2c5000 GCTaskThread "GC Thread#0" [stack: 0x0000002f07f00000,0x0000002f08000000] [id=12732]
  0x0000018a4d773710 GCTaskThread "GC Thread#1" [stack: 0x0000002f09200000,0x0000002f09300000] [id=7360]
  0x0000018a4d7739d0 GCTaskThread "GC Thread#2" [stack: 0x0000002f09300000,0x0000002f09400000] [id=7896]
  0x0000018a4d773e10 GCTaskThread "GC Thread#3" [stack: 0x0000002f09400000,0x0000002f09500000] [id=14592]
  0x0000018a2f2d5f50 ConcurrentGCThread "G1 Main Marker" [stack: 0x0000002f08000000,0x0000002f08100000] [id=4216]
  0x0000018a2f2d7250 ConcurrentGCThread "G1 Conc#0" [stack: 0x0000002f08100000,0x0000002f08200000] [id=5544]
  0x0000018a2f2eeca0 ConcurrentGCThread "G1 Refine#0" [stack: 0x0000002f08200000,0x0000002f08300000] [id=5884]
  0x0000018a488b3580 ConcurrentGCThread "G1 Service" [stack: 0x0000002f08300000,0x0000002f08400000] [id=18104]

Threads with active compile tasks:
C2 CompilerThread0      458  626   !   4       jdk.internal.loader.URLClassPath$JarLoader::getResource (65 bytes)
C2 CompilerThread1      458  633       4       java.util.jar.JarFile::getEntry (35 bytes)

VM state: not at safepoint (normal execution)

VM Mutex/Monitor currently owned by a thread: None

Heap address: 0x0000000080000000, size: 2048 MB, Compressed Oops mode: 32-bit

CDS archive(s) not mapped
Compressed class space mapped at: 0x0000000100000000-0x0000000140000000, reserved size: 1073741824
Narrow klass base: 0x0000000000000000, Narrow klass shift: 3, Narrow klass range: 0x140000000

GC Precious Log:
 CPUs: 4 total, 4 available
 Memory: 8191M
 Large Page Support: Disabled
 NUMA Support: Disabled
 Compressed Oops: Enabled (32-bit)
 Heap Region Size: 1M
 Heap Min Capacity: 8M
 Heap Initial Capacity: 128M
 Heap Max Capacity: 2G
 Pre-touch: Disabled
 Parallel Workers: 4
 Concurrent Workers: 1
 Concurrent Refinement Workers: 4
 Periodic GC: Disabled

Heap:
 garbage-first heap   total 131072K, used 9579K [0x0000000080000000, 0x0000000100000000)
  region size 1024K, 5 young (5120K), 2 survivors (2048K)
 Metaspace       used 10262K, committed 10368K, reserved 1114112K
  class space    used 921K, committed 960K, reserved 1048576K

Heap Regions: E=young(eden), S=young(survivor), O=old, HS=humongous(starts), HC=humongous(continues), CS=collection set, F=free, OA=open archive, CA=closed archive, TAMS=top-at-mark-start (previous, next)
|   0|0x0000000080000000, 0x0000000080100000, 0x0000000080100000|100%|HS|  |TAMS 0x0000000080000000, 0x0000000080000000| Complete 
|   1|0x0000000080100000, 0x0000000080200000, 0x0000000080200000|100%| O|  |TAMS 0x0000000080100000, 0x0000000080100000| Untracked 
|   2|0x0000000080200000, 0x0000000080300000, 0x0000000080300000|100%| O|  |TAMS 0x0000000080200000, 0x0000000080200000| Untracked 
|   3|0x0000000080300000, 0x0000000080400000, 0x0000000080400000|100%| O|  |TAMS 0x0000000080300000, 0x0000000080300000| Untracked 
|   4|0x0000000080400000, 0x0000000080500000, 0x0000000080500000|100%| O|  |TAMS 0x0000000080400000, 0x0000000080400000| Untracked 
|   5|0x0000000080500000, 0x000000008055ae00, 0x0000000080600000| 35%| O|  |TAMS 0x0000000080500000, 0x0000000080500000| Untracked 
|   6|0x0000000080600000, 0x0000000080600000, 0x0000000080700000|  0%| F|  |TAMS 0x0000000080600000, 0x0000000080600000| Untracked 
|   7|0x0000000080700000, 0x0000000080700000, 0x0000000080800000|  0%| F|  |TAMS 0x0000000080700000, 0x0000000080700000| Untracked 
|   8|0x0000000080800000, 0x0000000080800000, 0x0000000080900000|  0%| F|  |TAMS 0x0000000080800000, 0x0000000080800000| Untracked 
|   9|0x0000000080900000, 0x0000000080900000, 0x0000000080a00000|  0%| F|  |TAMS 0x0000000080900000, 0x0000000080900000| Untracked 
|  10|0x0000000080a00000, 0x0000000080a00000, 0x0000000080b00000|  0%| F|  |TAMS 0x0000000080a00000, 0x0000000080a00000| Untracked 
|  11|0x0000000080b00000, 0x0000000080b00000, 0x0000000080c00000|  0%| F|  |TAMS 0x0000000080b00000, 0x0000000080b00000| Untracked 
|  12|0x0000000080c00000, 0x0000000080c00000, 0x0000000080d00000|  0%| F|  |TAMS 0x0000000080c00000, 0x0000000080c00000| Untracked 
|  13|0x0000000080d00000, 0x0000000080d00000, 0x0000000080e00000|  0%| F|  |TAMS 0x0000000080d00000, 0x0000000080d00000| Untracked 
|  14|0x0000000080e00000, 0x0000000080e00000, 0x0000000080f00000|  0%| F|  |TAMS 0x0000000080e00000, 0x0000000080e00000| Untracked 
|  15|0x0000000080f00000, 0x0000000080f00000, 0x0000000081000000|  0%| F|  |TAMS 0x0000000080f00000, 0x0000000080f00000| Untracked 
|  16|0x0000000081000000, 0x0000000081000000, 0x0000000081100000|  0%| F|  |TAMS 0x0000000081000000, 0x0000000081000000| Untracked 
|  17|0x0000000081100000, 0x0000000081100000, 0x0000000081200000|  0%| F|  |TAMS 0x0000000081100000, 0x0000000081100000| Untracked 
|  18|0x0000000081200000, 0x0000000081200000, 0x0000000081300000|  0%| F|  |TAMS 0x0000000081200000, 0x0000000081200000| Untracked 
|  19|0x0000000081300000, 0x0000000081300000, 0x0000000081400000|  0%| F|  |TAMS 0x0000000081300000, 0x0000000081300000| Untracked 
|  20|0x0000000081400000, 0x0000000081400000, 0x0000000081500000|  0%| F|  |TAMS 0x0000000081400000, 0x0000000081400000| Untracked 
|  21|0x0000000081500000, 0x0000000081500000, 0x0000000081600000|  0%| F|  |TAMS 0x0000000081500000, 0x0000000081500000| Untracked 
|  22|0x0000000081600000, 0x0000000081600000, 0x0000000081700000|  0%| F|  |TAMS 0x0000000081600000, 0x0000000081600000| Untracked 
|  23|0x0000000081700000, 0x0000000081700000, 0x0000000081800000|  0%| F|  |TAMS 0x0000000081700000, 0x0000000081700000| Untracked 
|  24|0x0000000081800000, 0x0000000081800000, 0x0000000081900000|  0%| F|  |TAMS 0x0000000081800000, 0x0000000081800000| Untracked 
|  25|0x0000000081900000, 0x0000000081900000, 0x0000000081a00000|  0%| F|  |TAMS 0x0000000081900000, 0x0000000081900000| Untracked 
|  26|0x0000000081a00000, 0x0000000081a00000, 0x0000000081b00000|  0%| F|  |TAMS 0x0000000081a00000, 0x0000000081a00000| Untracked 
|  27|0x0000000081b00000, 0x0000000081b00000, 0x0000000081c00000|  0%| F|  |TAMS 0x0000000081b00000, 0x0000000081b00000| Untracked 
|  28|0x0000000081c00000, 0x0000000081c00000, 0x0000000081d00000|  0%| F|  |TAMS 0x0000000081c00000, 0x0000000081c00000| Untracked 
|  29|0x0000000081d00000, 0x0000000081d00000, 0x0000000081e00000|  0%| F|  |TAMS 0x0000000081d00000, 0x0000000081d00000| Untracked 
|  30|0x0000000081e00000, 0x0000000081e00000, 0x0000000081f00000|  0%| F|  |TAMS 0x0000000081e00000, 0x0000000081e00000| Untracked 
|  31|0x0000000081f00000, 0x0000000081f00000, 0x0000000082000000|  0%| F|  |TAMS 0x0000000081f00000, 0x0000000081f00000| Untracked 
|  32|0x0000000082000000, 0x0000000082000000, 0x0000000082100000|  0%| F|  |TAMS 0x0000000082000000, 0x0000000082000000| Untracked 
|  33|0x0000000082100000, 0x0000000082100000, 0x0000000082200000|  0%| F|  |TAMS 0x0000000082100000, 0x0000000082100000| Untracked 
|  34|0x0000000082200000, 0x0000000082200000, 0x0000000082300000|  0%| F|  |TAMS 0x0000000082200000, 0x0000000082200000| Untracked 
|  35|0x0000000082300000, 0x0000000082300000, 0x0000000082400000|  0%| F|  |TAMS 0x0000000082300000, 0x0000000082300000| Untracked 
|  36|0x0000000082400000, 0x0000000082400000, 0x0000000082500000|  0%| F|  |TAMS 0x0000000082400000, 0x0000000082400000| Untracked 
|  37|0x0000000082500000, 0x0000000082500000, 0x0000000082600000|  0%| F|  |TAMS 0x0000000082500000, 0x0000000082500000| Untracked 
|  38|0x0000000082600000, 0x0000000082600000, 0x0000000082700000|  0%| F|  |TAMS 0x0000000082600000, 0x0000000082600000| Untracked 
|  39|0x0000000082700000, 0x0000000082700000, 0x0000000082800000|  0%| F|  |TAMS 0x0000000082700000, 0x0000000082700000| Untracked 
|  40|0x0000000082800000, 0x0000000082800000, 0x0000000082900000|  0%| F|  |TAMS 0x0000000082800000, 0x0000000082800000| Untracked 
|  41|0x0000000082900000, 0x0000000082900000, 0x0000000082a00000|  0%| F|  |TAMS 0x0000000082900000, 0x0000000082900000| Untracked 
|  42|0x0000000082a00000, 0x0000000082a00000, 0x0000000082b00000|  0%| F|  |TAMS 0x0000000082a00000, 0x0000000082a00000| Untracked 
|  43|0x0000000082b00000, 0x0000000082b00000, 0x0000000082c00000|  0%| F|  |TAMS 0x0000000082b00000, 0x0000000082b00000| Untracked 
|  44|0x0000000082c00000, 0x0000000082c00000, 0x0000000082d00000|  0%| F|  |TAMS 0x0000000082c00000, 0x0000000082c00000| Untracked 
|  45|0x0000000082d00000, 0x0000000082d00000, 0x0000000082e00000|  0%| F|  |TAMS 0x0000000082d00000, 0x0000000082d00000| Untracked 
|  46|0x0000000082e00000, 0x0000000082e00000, 0x0000000082f00000|  0%| F|  |TAMS 0x0000000082e00000, 0x0000000082e00000| Untracked 
|  47|0x0000000082f00000, 0x0000000082f00000, 0x0000000083000000|  0%| F|  |TAMS 0x0000000082f00000, 0x0000000082f00000| Untracked 
|  48|0x0000000083000000, 0x0000000083000000, 0x0000000083100000|  0%| F|  |TAMS 0x0000000083000000, 0x0000000083000000| Untracked 
|  49|0x0000000083100000, 0x0000000083100000, 0x0000000083200000|  0%| F|  |TAMS 0x0000000083100000, 0x0000000083100000| Untracked 
|  50|0x0000000083200000, 0x0000000083200000, 0x0000000083300000|  0%| F|  |TAMS 0x0000000083200000, 0x0000000083200000| Untracked 
|  51|0x0000000083300000, 0x0000000083300000, 0x0000000083400000|  0%| F|  |TAMS 0x0000000083300000, 0x0000000083300000| Untracked 
|  52|0x0000000083400000, 0x0000000083400000, 0x0000000083500000|  0%| F|  |TAMS 0x0000000083400000, 0x0000000083400000| Untracked 
|  53|0x0000000083500000, 0x0000000083500000, 0x0000000083600000|  0%| F|  |TAMS 0x0000000083500000, 0x0000000083500000| Untracked 
|  54|0x0000000083600000, 0x0000000083600000, 0x0000000083700000|  0%| F|  |TAMS 0x0000000083600000, 0x0000000083600000| Untracked 
|  55|0x0000000083700000, 0x0000000083700000, 0x0000000083800000|  0%| F|  |TAMS 0x0000000083700000, 0x0000000083700000| Untracked 
|  56|0x0000000083800000, 0x0000000083800000, 0x0000000083900000|  0%| F|  |TAMS 0x0000000083800000, 0x0000000083800000| Untracked 
|  57|0x0000000083900000, 0x0000000083900000, 0x0000000083a00000|  0%| F|  |TAMS 0x0000000083900000, 0x0000000083900000| Untracked 
|  58|0x0000000083a00000, 0x0000000083a00000, 0x0000000083b00000|  0%| F|  |TAMS 0x0000000083a00000, 0x0000000083a00000| Untracked 
|  59|0x0000000083b00000, 0x0000000083b00000, 0x0000000083c00000|  0%| F|  |TAMS 0x0000000083b00000, 0x0000000083b00000| Untracked 
|  60|0x0000000083c00000, 0x0000000083c00000, 0x0000000083d00000|  0%| F|  |TAMS 0x0000000083c00000, 0x0000000083c00000| Untracked 
|  61|0x0000000083d00000, 0x0000000083d00000, 0x0000000083e00000|  0%| F|  |TAMS 0x0000000083d00000, 0x0000000083d00000| Untracked 
|  62|0x0000000083e00000, 0x0000000083e00000, 0x0000000083f00000|  0%| F|  |TAMS 0x0000000083e00000, 0x0000000083e00000| Untracked 
|  63|0x0000000083f00000, 0x0000000083f00000, 0x0000000084000000|  0%| F|  |TAMS 0x0000000083f00000, 0x0000000083f00000| Untracked 
|  64|0x0000000084000000, 0x0000000084000000, 0x0000000084100000|  0%| F|  |TAMS 0x0000000084000000, 0x0000000084000000| Untracked 
|  65|0x0000000084100000, 0x0000000084100000, 0x0000000084200000|  0%| F|  |TAMS 0x0000000084100000, 0x0000000084100000| Untracked 
|  66|0x0000000084200000, 0x0000000084200000, 0x0000000084300000|  0%| F|  |TAMS 0x0000000084200000, 0x0000000084200000| Untracked 
|  67|0x0000000084300000, 0x0000000084300000, 0x0000000084400000|  0%| F|  |TAMS 0x0000000084300000, 0x0000000084300000| Untracked 
|  68|0x0000000084400000, 0x0000000084400000, 0x0000000084500000|  0%| F|  |TAMS 0x0000000084400000, 0x0000000084400000| Untracked 
|  69|0x0000000084500000, 0x0000000084500000, 0x0000000084600000|  0%| F|  |TAMS 0x0000000084500000, 0x0000000084500000| Untracked 
|  70|0x0000000084600000, 0x0000000084600000, 0x0000000084700000|  0%| F|  |TAMS 0x0000000084600000, 0x0000000084600000| Untracked 
|  71|0x0000000084700000, 0x0000000084700000, 0x0000000084800000|  0%| F|  |TAMS 0x0000000084700000, 0x0000000084700000| Untracked 
|  72|0x0000000084800000, 0x0000000084800000, 0x0000000084900000|  0%| F|  |TAMS 0x0000000084800000, 0x0000000084800000| Untracked 
|  73|0x0000000084900000, 0x0000000084900000, 0x0000000084a00000|  0%| F|  |TAMS 0x0000000084900000, 0x0000000084900000| Untracked 
|  74|0x0000000084a00000, 0x0000000084a00000, 0x0000000084b00000|  0%| F|  |TAMS 0x0000000084a00000, 0x0000000084a00000| Untracked 
|  75|0x0000000084b00000, 0x0000000084b00000, 0x0000000084c00000|  0%| F|  |TAMS 0x0000000084b00000, 0x0000000084b00000| Untracked 
|  76|0x0000000084c00000, 0x0000000084c00000, 0x0000000084d00000|  0%| F|  |TAMS 0x0000000084c00000, 0x0000000084c00000| Untracked 
|  77|0x0000000084d00000, 0x0000000084d00000, 0x0000000084e00000|  0%| F|  |TAMS 0x0000000084d00000, 0x0000000084d00000| Untracked 
|  78|0x0000000084e00000, 0x0000000084e00000, 0x0000000084f00000|  0%| F|  |TAMS 0x0000000084e00000, 0x0000000084e00000| Untracked 
|  79|0x0000000084f00000, 0x0000000084f00000, 0x0000000085000000|  0%| F|  |TAMS 0x0000000084f00000, 0x0000000084f00000| Untracked 
|  80|0x0000000085000000, 0x0000000085000000, 0x0000000085100000|  0%| F|  |TAMS 0x0000000085000000, 0x0000000085000000| Untracked 
|  81|0x0000000085100000, 0x0000000085100000, 0x0000000085200000|  0%| F|  |TAMS 0x0000000085100000, 0x0000000085100000| Untracked 
|  82|0x0000000085200000, 0x0000000085200000, 0x0000000085300000|  0%| F|  |TAMS 0x0000000085200000, 0x0000000085200000| Untracked 
|  83|0x0000000085300000, 0x0000000085300000, 0x0000000085400000|  0%| F|  |TAMS 0x0000000085300000, 0x0000000085300000| Untracked 
|  84|0x0000000085400000, 0x0000000085400000, 0x0000000085500000|  0%| F|  |TAMS 0x0000000085400000, 0x0000000085400000| Untracked 
|  85|0x0000000085500000, 0x0000000085500000, 0x0000000085600000|  0%| F|  |TAMS 0x0000000085500000, 0x0000000085500000| Untracked 
|  86|0x0000000085600000, 0x0000000085600000, 0x0000000085700000|  0%| F|  |TAMS 0x0000000085600000, 0x0000000085600000| Untracked 
|  87|0x0000000085700000, 0x0000000085700000, 0x0000000085800000|  0%| F|  |TAMS 0x0000000085700000, 0x0000000085700000| Untracked 
|  88|0x0000000085800000, 0x0000000085800000, 0x0000000085900000|  0%| F|  |TAMS 0x0000000085800000, 0x0000000085800000| Untracked 
|  89|0x0000000085900000, 0x0000000085900000, 0x0000000085a00000|  0%| F|  |TAMS 0x0000000085900000, 0x0000000085900000| Untracked 
|  90|0x0000000085a00000, 0x0000000085a00000, 0x0000000085b00000|  0%| F|  |TAMS 0x0000000085a00000, 0x0000000085a00000| Untracked 
|  91|0x0000000085b00000, 0x0000000085b00000, 0x0000000085c00000|  0%| F|  |TAMS 0x0000000085b00000, 0x0000000085b00000| Untracked 
|  92|0x0000000085c00000, 0x0000000085c00000, 0x0000000085d00000|  0%| F|  |TAMS 0x0000000085c00000, 0x0000000085c00000| Untracked 
|  93|0x0000000085d00000, 0x0000000085d00000, 0x0000000085e00000|  0%| F|  |TAMS 0x0000000085d00000, 0x0000000085d00000| Untracked 
|  94|0x0000000085e00000, 0x0000000085e00000, 0x0000000085f00000|  0%| F|  |TAMS 0x0000000085e00000, 0x0000000085e00000| Untracked 
|  95|0x0000000085f00000, 0x0000000085f00000, 0x0000000086000000|  0%| F|  |TAMS 0x0000000085f00000, 0x0000000085f00000| Untracked 
|  96|0x0000000086000000, 0x0000000086000000, 0x0000000086100000|  0%| F|  |TAMS 0x0000000086000000, 0x0000000086000000| Untracked 
|  97|0x0000000086100000, 0x0000000086100000, 0x0000000086200000|  0%| F|  |TAMS 0x0000000086100000, 0x0000000086100000| Untracked 
|  98|0x0000000086200000, 0x0000000086200000, 0x0000000086300000|  0%| F|  |TAMS 0x0000000086200000, 0x0000000086200000| Untracked 
|  99|0x0000000086300000, 0x0000000086300000, 0x0000000086400000|  0%| F|  |TAMS 0x0000000086300000, 0x0000000086300000| Untracked 
| 100|0x0000000086400000, 0x0000000086400000, 0x0000000086500000|  0%| F|  |TAMS 0x0000000086400000, 0x0000000086400000| Untracked 
| 101|0x0000000086500000, 0x0000000086500000, 0x0000000086600000|  0%| F|  |TAMS 0x0000000086500000, 0x0000000086500000| Untracked 
| 102|0x0000000086600000, 0x0000000086600000, 0x0000000086700000|  0%| F|  |TAMS 0x0000000086600000, 0x0000000086600000| Untracked 
| 103|0x0000000086700000, 0x0000000086700000, 0x0000000086800000|  0%| F|  |TAMS 0x0000000086700000, 0x0000000086700000| Untracked 
| 104|0x0000000086800000, 0x0000000086800000, 0x0000000086900000|  0%| F|  |TAMS 0x0000000086800000, 0x0000000086800000| Untracked 
| 105|0x0000000086900000, 0x0000000086900000, 0x0000000086a00000|  0%| F|  |TAMS 0x0000000086900000, 0x0000000086900000| Untracked 
| 106|0x0000000086a00000, 0x0000000086a00000, 0x0000000086b00000|  0%| F|  |TAMS 0x0000000086a00000, 0x0000000086a00000| Untracked 
| 107|0x0000000086b00000, 0x0000000086b00000, 0x0000000086c00000|  0%| F|  |TAMS 0x0000000086b00000, 0x0000000086b00000| Untracked 
| 108|0x0000000086c00000, 0x0000000086c00000, 0x0000000086d00000|  0%| F|  |TAMS 0x0000000086c00000, 0x0000000086c00000| Untracked 
| 109|0x0000000086d00000, 0x0000000086d00000, 0x0000000086e00000|  0%| F|  |TAMS 0x0000000086d00000, 0x0000000086d00000| Untracked 
| 110|0x0000000086e00000, 0x0000000086e00000, 0x0000000086f00000|  0%| F|  |TAMS 0x0000000086e00000, 0x0000000086e00000| Untracked 
| 111|0x0000000086f00000, 0x0000000086f00000, 0x0000000087000000|  0%| F|  |TAMS 0x0000000086f00000, 0x0000000086f00000| Untracked 
| 112|0x0000000087000000, 0x0000000087000000, 0x0000000087100000|  0%| F|  |TAMS 0x0000000087000000, 0x0000000087000000| Untracked 
| 113|0x0000000087100000, 0x0000000087200000, 0x0000000087200000|100%| S|CS|TAMS 0x0000000087100000, 0x0000000087100000| Complete 
| 114|0x0000000087200000, 0x0000000087300000, 0x0000000087300000|100%| S|CS|TAMS 0x0000000087200000, 0x0000000087200000| Complete 
| 115|0x0000000087300000, 0x0000000087300000, 0x0000000087400000|  0%| F|  |TAMS 0x0000000087300000, 0x0000000087300000| Untracked 
| 116|0x0000000087400000, 0x0000000087400000, 0x0000000087500000|  0%| F|  |TAMS 0x0000000087400000, 0x0000000087400000| Untracked 
| 117|0x0000000087500000, 0x0000000087500000, 0x0000000087600000|  0%| F|  |TAMS 0x0000000087500000, 0x0000000087500000| Untracked 
| 118|0x0000000087600000, 0x0000000087600000, 0x0000000087700000|  0%| F|  |TAMS 0x0000000087600000, 0x0000000087600000| Untracked 
| 119|0x0000000087700000, 0x0000000087700000, 0x0000000087800000|  0%| F|  |TAMS 0x0000000087700000, 0x0000000087700000| Untracked 
| 120|0x0000000087800000, 0x0000000087800000, 0x0000000087900000|  0%| F|  |TAMS 0x0000000087800000, 0x0000000087800000| Untracked 
| 121|0x0000000087900000, 0x0000000087900000, 0x0000000087a00000|  0%| F|  |TAMS 0x0000000087900000, 0x0000000087900000| Untracked 
| 122|0x0000000087a00000, 0x0000000087a00000, 0x0000000087b00000|  0%| F|  |TAMS 0x0000000087a00000, 0x0000000087a00000| Untracked 
| 123|0x0000000087b00000, 0x0000000087b00000, 0x0000000087c00000|  0%| F|  |TAMS 0x0000000087b00000, 0x0000000087b00000| Untracked 
| 124|0x0000000087c00000, 0x0000000087c00000, 0x0000000087d00000|  0%| F|  |TAMS 0x0000000087c00000, 0x0000000087c00000| Untracked 
| 125|0x0000000087d00000, 0x0000000087deb618, 0x0000000087e00000| 91%| E|  |TAMS 0x0000000087d00000, 0x0000000087d00000| Complete 
| 126|0x0000000087e00000, 0x0000000087f00000, 0x0000000087f00000|100%| E|CS|TAMS 0x0000000087e00000, 0x0000000087e00000| Complete 
| 127|0x0000000087f00000, 0x0000000088000000, 0x0000000088000000|100%| E|CS|TAMS 0x0000000087f00000, 0x0000000087f00000| Complete 

Card table byte_map: [0x0000018a41d10000,0x0000018a42110000] _byte_map_base: 0x0000018a41910000

Marking Bits (Prev, Next): (CMBitMap*) 0x0000018a2f2c5620, (CMBitMap*) 0x0000018a2f2c5660
 Prev Bits: [0x0000018a42510000, 0x0000018a44510000)
 Next Bits: [0x0000018a44510000, 0x0000018a46510000)

Polling page: 0x0000018a2e9f0000

Metaspace:

Usage:
  Non-class:      9.12 MB used.
      Class:    921.84 KB used.
       Both:     10.02 MB used.

Virtual space:
  Non-class space:       64.00 MB reserved,       9.19 MB ( 14%) committed,  1 nodes.
      Class space:        1.00 GB reserved,     960.00 KB ( <1%) committed,  1 nodes.
             Both:        1.06 GB reserved,      10.12 MB ( <1%) committed. 

Chunk freelists:
   Non-Class:  6.77 MB
       Class:  15.01 MB
        Both:  21.77 MB

MaxMetaspaceSize: unlimited
CompressedClassSpaceSize: 1.00 GB
Initial GC threshold: 21.00 MB
Current GC threshold: 21.00 MB
CDS: off
MetaspaceReclaimPolicy: balanced
 - commit_granule_bytes: 65536.
 - commit_granule_words: 8192.
 - virtual_space_node_default_size: 8388608.
 - enlarge_chunks_in_place: 1.
 - new_chunks_are_fully_committed: 0.
 - uncommit_free_chunks: 1.
 - use_allocation_guard: 0.
 - handle_deallocations: 1.


Internal statistics:

num_allocs_failed_limit: 0.
num_arena_births: 18.
num_arena_deaths: 0.
num_vsnodes_births: 2.
num_vsnodes_deaths: 0.
num_space_committed: 162.
num_space_uncommitted: 0.
num_chunks_returned_to_freelist: 0.
num_chunks_taken_from_freelist: 91.
num_chunk_merges: 0.
num_chunk_splits: 48.
num_chunks_enlarged: 31.
num_inconsistent_stats: 0.

CodeHeap 'non-profiled nmethods': size=120000Kb used=252Kb max_used=252Kb free=119748Kb
 bounds [0x0000018a3a3e0000, 0x0000018a3a650000, 0x0000018a41910000]
CodeHeap 'profiled nmethods': size=120000Kb used=1521Kb max_used=1521Kb free=118478Kb
 bounds [0x0000018a32910000, 0x0000018a32b80000, 0x0000018a39e40000]
CodeHeap 'non-nmethods': size=5760Kb used=1153Kb max_used=1161Kb free=4606Kb
 bounds [0x0000018a39e40000, 0x0000018a3a0b0000, 0x0000018a3a3e0000]
 total_blobs=1200 nmethods=772 adapters=341
 compilation: enabled
              stopped_count=0, restarted_count=0
 full_count=0

Compilation events (20 events):
Event: 0.427 Thread 0x0000018a48b148d0  759  s    3       jdk.internal.loader.Resource::cachedInputStream (20 bytes)
Event: 0.427 Thread 0x0000018a48b148d0 nmethod 759 0x0000018a32a7ca90 code [0x0000018a32a7cc40, 0x0000018a32a7cfe8]
Event: 0.428 Thread 0x0000018a48b148d0  761       3       java.lang.invoke.MethodType::checkPtypes (76 bytes)
Event: 0.428 Thread 0x0000018a48b148d0 nmethod 761 0x0000018a32a7d190 code [0x0000018a32a7d400, 0x0000018a32a7dd48]
Event: 0.428 Thread 0x0000018a48b148d0  765       3       java.lang.AbstractStringBuilder::append (77 bytes)
Event: 0.429 Thread 0x0000018a48b148d0 nmethod 765 0x0000018a32a7e110 code [0x0000018a32a7e320, 0x0000018a32a7e9a8]
Event: 0.429 Thread 0x0000018a48b148d0  766       3       java.lang.invoke.MethodType::parameterType (7 bytes)
Event: 0.429 Thread 0x0000018a48b148d0 nmethod 766 0x0000018a32a7ec10 code [0x0000018a32a7eda0, 0x0000018a32a7eed8]
Event: 0.429 Thread 0x0000018a48b148d0  762       3       jdk.internal.org.objectweb.asm.Frame::getAbstractTypeFromDescriptor (415 bytes)
Event: 0.432 Thread 0x0000018a48b148d0 nmethod 762 0x0000018a32a7ef90 code [0x0000018a32a7f340, 0x0000018a32a80e78]
Event: 0.432 Thread 0x0000018a48b148d0  764       1       sun.invoke.util.Wrapper::basicTypeChar (5 bytes)
Event: 0.432 Thread 0x0000018a48b148d0 nmethod 764 0x0000018a3a41ea10 code [0x0000018a3a41eba0, 0x0000018a3a41ec78]
Event: 0.432 Thread 0x0000018a48b148d0  763       3       jdk.internal.org.objectweb.asm.Label::<init> (5 bytes)
Event: 0.432 Thread 0x0000018a48b148d0 nmethod 763 0x0000018a32a81790 code [0x0000018a32a81920, 0x0000018a32a81a78]
Event: 0.434 Thread 0x0000018a48b148d0  768       3       sun.invoke.util.VerifyAccess::isTypeVisible (118 bytes)
Event: 0.436 Thread 0x0000018a48b148d0 nmethod 768 0x0000018a32a81b10 code [0x0000018a32a81f20, 0x0000018a32a83dd8]
Event: 0.436 Thread 0x0000018a48b148d0  769       3       jdk.internal.org.objectweb.asm.ByteVector::put122 (93 bytes)
Event: 0.437 Thread 0x0000018a48b148d0 nmethod 769 0x0000018a32a84710 code [0x0000018a32a848c0, 0x0000018a32a84b48]
Event: 0.437 Thread 0x0000018a48b148d0  770       3       java.lang.reflect.Modifier::isFinal (13 bytes)
Event: 0.437 Thread 0x0000018a48b148d0 nmethod 770 0x0000018a32a84d10 code [0x0000018a32a84ea0, 0x0000018a32a84ff8]

GC Heap History (2 events):
Event: 0.366 GC heap before
{Heap before GC invocations=0 (full 0):
 garbage-first heap   total 131072K, used 13312K [0x0000000080000000, 0x0000000100000000)
  region size 1024K, 13 young (13312K), 0 survivors (0K)
 Metaspace       used 8769K, committed 8960K, reserved 1114112K
  class space    used 770K, committed 896K, reserved 1048576K
}
Event: 0.369 GC heap after
{Heap after GC invocations=1 (full 0):
 garbage-first heap   total 131072K, used 7531K [0x0000000080000000, 0x0000000100000000)
  region size 1024K, 2 young (2048K), 2 survivors (2048K)
 Metaspace       used 8769K, committed 8960K, reserved 1114112K
  class space    used 770K, committed 896K, reserved 1048576K
}

Dll operation events (6 events):
Event: 0.005 Loaded shared library C:\Users\a1306\.p2\pool\plugins\org.eclipse.justj.openjdk.hotspot.jre.full.win32.x86_64_17.0.11.v20240426-1830\jre\bin\java.dll
Event: 0.139 Loaded shared library C:\Users\a1306\.p2\pool\plugins\org.eclipse.justj.openjdk.hotspot.jre.full.win32.x86_64_17.0.11.v20240426-1830\jre\bin\net.dll
Event: 0.140 Loaded shared library C:\Users\a1306\.p2\pool\plugins\org.eclipse.justj.openjdk.hotspot.jre.full.win32.x86_64_17.0.11.v20240426-1830\jre\bin\nio.dll
Event: 0.146 Loaded shared library C:\Users\a1306\.p2\pool\plugins\org.eclipse.justj.openjdk.hotspot.jre.full.win32.x86_64_17.0.11.v20240426-1830\jre\bin\zip.dll
Event: 0.232 Loaded shared library C:\Users\a1306\.p2\pool\plugins\org.eclipse.justj.openjdk.hotspot.jre.full.win32.x86_64_17.0.11.v20240426-1830\jre\bin\jimage.dll
Event: 0.316 Loaded shared library C:\Users\a1306\.p2\pool\plugins\org.eclipse.justj.openjdk.hotspot.jre.full.win32.x86_64_17.0.11.v20240426-1830\jre\bin\verify.dll

Deoptimization events (20 events):
Event: 0.350 Thread 0x0000018a2f26f080 Uncommon trap: trap_request=0xffffff45 fr.pc=0x0000018a3a40b08c relative=0x00000000000003ec
Event: 0.350 Thread 0x0000018a2f26f080 Uncommon trap: reason=unstable_if action=reinterpret pc=0x0000018a3a40b08c method=java.lang.StringLatin1.newString([BII)Ljava/lang/String; @ 1 c2
Event: 0.350 Thread 0x0000018a2f26f080 DEOPT PACKING pc=0x0000018a3a40b08c sp=0x0000002f07efb4b0
Event: 0.350 Thread 0x0000018a2f26f080 DEOPT UNPACKING pc=0x0000018a39e9a1a3 sp=0x0000002f07efb478 mode 2
Event: 0.407 Thread 0x0000018a2f26f080 Uncommon trap: trap_request=0xffffff45 fr.pc=0x0000018a3a3fcb58 relative=0x00000000000003b8
Event: 0.407 Thread 0x0000018a2f26f080 Uncommon trap: reason=unstable_if action=reinterpret pc=0x0000018a3a3fcb58 method=java.lang.StringLatin1.canEncode(I)Z @ 4 c2
Event: 0.407 Thread 0x0000018a2f26f080 DEOPT PACKING pc=0x0000018a3a3fcb58 sp=0x0000002f07efd160
Event: 0.407 Thread 0x0000018a2f26f080 DEOPT UNPACKING pc=0x0000018a39e9a1a3 sp=0x0000002f07efd088 mode 2
Event: 0.407 Thread 0x0000018a2f26f080 Uncommon trap: trap_request=0xffffff45 fr.pc=0x0000018a3a3fe940 relative=0x00000000000003a0
Event: 0.407 Thread 0x0000018a2f26f080 Uncommon trap: reason=unstable_if action=reinterpret pc=0x0000018a3a3fe940 method=java.lang.AbstractStringBuilder.isLatin1()Z @ 10 c2
Event: 0.407 Thread 0x0000018a2f26f080 DEOPT PACKING pc=0x0000018a3a3fe940 sp=0x0000002f07efd160
Event: 0.407 Thread 0x0000018a2f26f080 DEOPT UNPACKING pc=0x0000018a39e9a1a3 sp=0x0000002f07efd0f0 mode 2
Event: 0.407 Thread 0x0000018a2f26f080 Uncommon trap: trap_request=0xffffff45 fr.pc=0x0000018a3a4080dc relative=0x000000000000005c
Event: 0.407 Thread 0x0000018a2f26f080 Uncommon trap: reason=unstable_if action=reinterpret pc=0x0000018a3a4080dc method=java.lang.AbstractStringBuilder.isLatin1()Z @ 10 c2
Event: 0.407 Thread 0x0000018a2f26f080 DEOPT PACKING pc=0x0000018a3a4080dc sp=0x0000002f07efd150
Event: 0.407 Thread 0x0000018a2f26f080 DEOPT UNPACKING pc=0x0000018a39e9a1a3 sp=0x0000002f07efd0e0 mode 2
Event: 0.420 Thread 0x0000018a2f26f080 Uncommon trap: trap_request=0xffffff45 fr.pc=0x0000018a3a3f7a38 relative=0x0000000000000038
Event: 0.420 Thread 0x0000018a2f26f080 Uncommon trap: reason=unstable_if action=reinterpret pc=0x0000018a3a3f7a38 method=java.lang.StringLatin1.canEncode(I)Z @ 4 c2
Event: 0.420 Thread 0x0000018a2f26f080 DEOPT PACKING pc=0x0000018a3a3f7a38 sp=0x0000002f07efc720
Event: 0.421 Thread 0x0000018a2f26f080 DEOPT UNPACKING pc=0x0000018a39e9a1a3 sp=0x0000002f07efc6b0 mode 2

Classes unloaded (0 events):
No events

Classes redefined (0 events):
No events

Internal exceptions (3 events):
Event: 0.350 Thread 0x0000018a2f26f080 Exception <a 'java/lang/ClassNotFoundException'{0x00000000873893b0}: javax/smartcardio/CardPermission> (0x00000000873893b0) 
thrown [s\src\hotspot\share\classfile\systemDictionary.cpp, line 256]
Event: 0.352 Thread 0x0000018a2f26f080 Exception <a 'java/io/FileNotFoundException'{0x0000000087397de0}> (0x0000000087397de0) 
thrown [s\src\hotspot\share\prims\jni.cpp, line 516]
Event: 0.434 Thread 0x0000018a2f26f080 Exception <a 'java/lang/NoSuchMethodError'{0x0000000087d7ba08}: 'int java.lang.invoke.DirectMethodHandle$Holder.invokeStaticInit(java.lang.Object, java.lang.Object)'> (0x0000000087d7ba08) 
thrown [s\src\hotspot\share\interpreter\linkResolver.cpp, line 759]

VM Operations (8 events):
Event: 0.148 Executing VM operation: HandshakeAllThreads
Event: 0.148 Executing VM operation: HandshakeAllThreads done
Event: 0.302 Executing VM operation: HandshakeAllThreads
Event: 0.302 Executing VM operation: HandshakeAllThreads done
Event: 0.334 Executing VM operation: HandshakeAllThreads
Event: 0.334 Executing VM operation: HandshakeAllThreads done
Event: 0.366 Executing VM operation: G1CollectForAllocation
Event: 0.369 Executing VM operation: G1CollectForAllocation done

Events (20 events):
Event: 0.412 loading class java/lang/StringUTF16$CharsSpliterator done
Event: 0.412 loading class java/lang/CharacterData00
Event: 0.413 loading class java/lang/CharacterData00 done
Event: 0.413 loading class java/text/DecimalFormat
Event: 0.414 loading class java/text/DecimalFormat done
Event: 0.414 loading class java/text/FieldPosition
Event: 0.415 loading class java/text/FieldPosition done
Event: 0.415 loading class java/text/DigitList
Event: 0.415 loading class java/text/DigitList done
Event: 0.415 loading class java/math/RoundingMode
Event: 0.415 loading class java/math/RoundingMode done
Event: 0.423 loading class java/util/BitSet
Event: 0.423 loading class java/util/BitSet done
Event: 0.427 loading class java/util/concurrent/ThreadPoolExecutor
Event: 0.427 loading class java/util/concurrent/AbstractExecutorService
Event: 0.428 loading class java/util/concurrent/AbstractExecutorService done
Event: 0.428 loading class java/util/concurrent/ThreadPoolExecutor done
Event: 0.429 loading class java/lang/UnsupportedOperationException
Event: 0.429 loading class java/lang/UnsupportedOperationException done
Event: 0.437 loading class java/io/StringWriter


Dynamic libraries:
0x00007ff7b23a0000 - 0x00007ff7b23ae000 	C:\Users\a1306\.p2\pool\plugins\org.eclipse.justj.openjdk.hotspot.jre.full.win32.x86_64_17.0.11.v20240426-1830\jre\bin\javaw.exe
0x00007ffa252d0000 - 0x00007ffa254c8000 	C:\WINDOWS\SYSTEM32\ntdll.dll
0x00007ffa24d90000 - 0x00007ffa24e4d000 	C:\WINDOWS\System32\KERNEL32.DLL
0x00007ffa22bd0000 - 0x00007ffa22ec6000 	C:\WINDOWS\System32\KERNELBASE.dll
0x00007ffa22a30000 - 0x00007ffa22b30000 	C:\WINDOWS\System32\ucrtbase.dll
0x00007ffa1af80000 - 0x00007ffa1af9b000 	C:\Users\a1306\.p2\pool\plugins\org.eclipse.justj.openjdk.hotspot.jre.full.win32.x86_64_17.0.11.v20240426-1830\jre\bin\VCRUNTIME140.dll
0x00007ffa05110000 - 0x00007ffa05127000 	C:\Users\a1306\.p2\pool\plugins\org.eclipse.justj.openjdk.hotspot.jre.full.win32.x86_64_17.0.11.v20240426-1830\jre\bin\jli.dll
0x00007ffa236f0000 - 0x00007ffa2388f000 	C:\WINDOWS\System32\USER32.dll
0x00007ffa14960000 - 0x00007ffa14bfa000 	C:\WINDOWS\WinSxS\amd64_microsoft.windows.common-controls_6595b64144ccf1df_6.0.19041.4355_none_60b8b9eb71f62e16\COMCTL32.dll
0x00007ffa22b30000 - 0x00007ffa22b52000 	C:\WINDOWS\System32\win32u.dll
0x00007ffa25080000 - 0x00007ffa250ab000 	C:\WINDOWS\System32\GDI32.dll
0x00007ffa23650000 - 0x00007ffa236ee000 	C:\WINDOWS\System32\msvcrt.dll
0x00007ffa23060000 - 0x00007ffa23177000 	C:\WINDOWS\System32\gdi32full.dll
0x00007ffa22990000 - 0x00007ffa22a2d000 	C:\WINDOWS\System32\msvcp_win.dll
0x00007ffa250b0000 - 0x00007ffa250df000 	C:\WINDOWS\System32\IMM32.DLL
0x0000000068000000 - 0x0000000068071000 	C:\WINDOWS\System32\QIPCAP64.dll
0x00007ffa23da0000 - 0x00007ffa23e50000 	C:\WINDOWS\System32\ADVAPI32.dll
0x00007ffa24460000 - 0x00007ffa24500000 	C:\WINDOWS\System32\sechost.dll
0x00007ffa24330000 - 0x00007ffa24453000 	C:\WINDOWS\System32\RPCRT4.dll
0x00007ffa232e0000 - 0x00007ffa23307000 	C:\WINDOWS\System32\bcrypt.dll
0x00007ffa24500000 - 0x00007ffa24c6c000 	C:\WINDOWS\System32\SHELL32.dll
0x00007ffa21a90000 - 0x00007ffa21b5a000 	C:\WINDOWS\SYSTEM32\DNSAPI.dll
0x00007ffa21a40000 - 0x00007ffa21a7b000 	C:\WINDOWS\SYSTEM32\IPHLPAPI.DLL
0x00007ffa23510000 - 0x00007ffa23518000 	C:\WINDOWS\System32\NSI.dll
0x00007ffa1b810000 - 0x00007ffa1b81c000 	C:\Users\a1306\.p2\pool\plugins\org.eclipse.justj.openjdk.hotspot.jre.full.win32.x86_64_17.0.11.v20240426-1830\jre\bin\vcruntime140_1.dll
0x00007ff9f6570000 - 0x00007ff9f65fd000 	C:\Users\a1306\.p2\pool\plugins\org.eclipse.justj.openjdk.hotspot.jre.full.win32.x86_64_17.0.11.v20240426-1830\jre\bin\msvcp140.dll
0x00007ff9e7e20000 - 0x00007ff9e8a82000 	C:\Users\a1306\.p2\pool\plugins\org.eclipse.justj.openjdk.hotspot.jre.full.win32.x86_64_17.0.11.v20240426-1830\jre\bin\server\jvm.dll
0x00007ffa147c0000 - 0x00007ffa147c9000 	C:\WINDOWS\SYSTEM32\WSOCK32.dll
0x00007ffa22510000 - 0x00007ffa2255b000 	C:\WINDOWS\SYSTEM32\POWRPROF.dll
0x00007ffa23e50000 - 0x00007ffa23ebb000 	C:\WINDOWS\System32\WS2_32.dll
0x00007ffa22490000 - 0x00007ffa2249a000 	C:\WINDOWS\SYSTEM32\VERSION.dll
0x00007ffa163d0000 - 0x00007ffa163f7000 	C:\WINDOWS\SYSTEM32\WINMM.dll
0x00007ffa21a20000 - 0x00007ffa21a32000 	C:\WINDOWS\SYSTEM32\UMPDC.dll
0x00007ffa20f70000 - 0x00007ffa20f82000 	C:\WINDOWS\SYSTEM32\kernel.appcore.dll
0x00007ffa1b9e0000 - 0x00007ffa1b9ea000 	C:\Users\a1306\.p2\pool\plugins\org.eclipse.justj.openjdk.hotspot.jre.full.win32.x86_64_17.0.11.v20240426-1830\jre\bin\jimage.dll
0x00007ffa1c590000 - 0x00007ffa1c774000 	C:\WINDOWS\SYSTEM32\DBGHELP.DLL
0x00007ffa1c2c0000 - 0x00007ffa1c2f4000 	C:\WINDOWS\SYSTEM32\dbgcore.DLL
0x00007ffa22ed0000 - 0x00007ffa22f52000 	C:\WINDOWS\System32\bcryptPrimitives.dll
0x00007ffa04e90000 - 0x00007ffa04eb5000 	C:\Users\a1306\.p2\pool\plugins\org.eclipse.justj.openjdk.hotspot.jre.full.win32.x86_64_17.0.11.v20240426-1830\jre\bin\java.dll
0x00007ffa061d0000 - 0x00007ffa061e8000 	C:\Users\a1306\.p2\pool\plugins\org.eclipse.justj.openjdk.hotspot.jre.full.win32.x86_64_17.0.11.v20240426-1830\jre\bin\zip.dll
0x00007ffa204d0000 - 0x00007ffa20c6d000 	C:\WINDOWS\SYSTEM32\windows.storage.dll
0x00007ffa238a0000 - 0x00007ffa23bf3000 	C:\WINDOWS\System32\combase.dll
0x00007ffa22000000 - 0x00007ffa2202e000 	C:\WINDOWS\SYSTEM32\Wldp.dll
0x00007ffa23310000 - 0x00007ffa233dd000 	C:\WINDOWS\System32\OLEAUT32.dll
0x00007ffa24ce0000 - 0x00007ffa24d8d000 	C:\WINDOWS\System32\SHCORE.dll
0x00007ffa24c80000 - 0x00007ffa24cd5000 	C:\WINDOWS\System32\shlwapi.dll
0x00007ffa22580000 - 0x00007ffa225a4000 	C:\WINDOWS\SYSTEM32\profapi.dll
0x00007ffa05fe0000 - 0x00007ffa05ff9000 	C:\Users\a1306\.p2\pool\plugins\org.eclipse.justj.openjdk.hotspot.jre.full.win32.x86_64_17.0.11.v20240426-1830\jre\bin\net.dll
0x00007ffa1bce0000 - 0x00007ffa1bdea000 	C:\WINDOWS\SYSTEM32\WINHTTP.dll
0x00007ffa21d60000 - 0x00007ffa21dca000 	C:\WINDOWS\system32\mswsock.dll
0x00007ffa05fa0000 - 0x00007ffa05fb6000 	C:\Users\a1306\.p2\pool\plugins\org.eclipse.justj.openjdk.hotspot.jre.full.win32.x86_64_17.0.11.v20240426-1830\jre\bin\nio.dll
0x00007ffa1b8e0000 - 0x00007ffa1b8f0000 	C:\Users\a1306\.p2\pool\plugins\org.eclipse.justj.openjdk.hotspot.jre.full.win32.x86_64_17.0.11.v20240426-1830\jre\bin\verify.dll

dbghelp: loaded successfully - version: 4.0.5 - missing functions: none
symbol engine: initialized successfully - sym options: 0x614 - pdb path: .;C:\Users\a1306\.p2\pool\plugins\org.eclipse.justj.openjdk.hotspot.jre.full.win32.x86_64_17.0.11.v20240426-1830\jre\bin;C:\WINDOWS\SYSTEM32;C:\WINDOWS\WinSxS\amd64_microsoft.windows.common-controls_6595b64144ccf1df_6.0.19041.4355_none_60b8b9eb71f62e16;C:\Users\a1306\.p2\pool\plugins\org.eclipse.justj.openjdk.hotspot.jre.full.win32.x86_64_17.0.11.v20240426-1830\jre\bin\server

VM Arguments:
jvm_args: -ea -Dfile.encoding=UTF-8 -Dstdout.encoding=UTF-8 -Dstderr.encoding=UTF-8 -XX:+ShowCodeDetailsInExceptionMessages 
java_command: org.testng.remote.RemoteTestNG -serport 54186 -protocol json -d C:\Users\a1306\eclipse-workspace\COSPortal\test-output C:\Users\a1306\AppData\Local\Temp\testng-eclipse-1639919182\testng-customsuite.xml
java_class_path (initial): C:\Users\a1306\eclipse\java-2023-122\eclipse\configuration\org.eclipse.osgi\583\0\.cp\lib\testng-remote.jar;C:\Users\a1306\eclipse-workspace\COSPortal\target\test-classes;C:\Users\a1306\eclipse-workspace\COSPortal\target\classes;C:\Users\a1306\.p2\pool\plugins\org.testng_7.10.1.r202404130807.jar;C:\Users\a1306\.p2\pool\plugins\com.beust.jcommander_1.82.0.jar;C:\Users\a1306\.p2\pool\plugins\org.apache-extras.beanshell.bsh_2.0.0.b6.jar;C:\Users\a1306\.p2\pool\plugins\org.yaml.snakeyaml_1.21.0.jar;C:\Users\a1306\.p2\pool\plugins\org.webjars.jquery_3.7.1.jar;C:\Users\a1306\.m2\repository\io\rest-assured\rest-assured\4.5.1\rest-assured-4.5.1.jar;C:\Users\a1306\.m2\repository\org\codehaus\groovy\groovy\3.0.9\groovy-3.0.9.jar;C:\Users\a1306\.m2\repository\org\codehaus\groovy\groovy-xml\3.0.9\groovy-xml-3.0.9.jar;C:\Users\a1306\.m2\repository\org\apache\httpcomponents\httpclient\4.5.13\httpclient-4.5.13.jar;C:\Users\a1306\.m2\repository\org\apache\httpcomponents\httpcore\4.4.13\httpcore-4.4.13.jar;C:\Users\a1306\.m2\repository\commons-logging\commons-logging\1.2\commons-logging-1.2.jar;C:\Users\a1306\.m2\repository\org\apache\httpcomponents\httpmime\4.5.13\httpmime-4.5.13.jar;C:\Users\a1306\.m2\repository\org\hamcrest\hamcrest\2.1\hamcrest-2.1.jar;C:\Users\a1306\.m2\repository\org\ccil\cowan\tagsoup\tagsoup\1.2.1\tagsoup-1.2.1.jar;C:\Users\a1306\.m2\repository\io\rest-assured\json-path\4.5.1\json-path-4.5.1.jar;C:\Users\a1306\.m2\repository\org\codehaus\groovy\groovy-json\3.0.9\groovy-json-3.0.9.jar;C:\Users\a1306\.m2\repository\io\rest-assured\rest-assured-common\4.5.1\rest-assured-common-4.5.1.jar;C:\Users\a1306\.m2\repository\io\rest-assured\xml-path\4.5.1\xml-path-4.5.1.jar;C:\Users\a1306\.m2\repository\org\json\json\20210307\json-20210307.jar;C:\Users\a1306\.m2\repository\org\seleniumhq\selenium\selenium-java\4.10.0\selenium-java-4.10.0.jar;C:\Users\a1306\.m2\repository\org\seleniumhq\selenium\selenium-api\4.10.0\selenium-api-4.10.0.jar;C:\
Launcher Type: SUN_STANDARD

[Global flags]
     intx CICompilerCount                          = 3                                         {product} {ergonomic}
     uint ConcGCThreads                            = 1                                         {product} {ergonomic}
     uint G1ConcRefinementThreads                  = 4                                         {product} {ergonomic}
   size_t G1HeapRegionSize                         = 1048576                                   {product} {ergonomic}
    uintx GCDrainStackTargetSize                   = 64                                        {product} {ergonomic}
   size_t InitialHeapSize                          = 134217728                                 {product} {ergonomic}
   size_t MarkStackSize                            = 4194304                                   {product} {ergonomic}
   size_t MaxHeapSize                              = 2147483648                                {product} {ergonomic}
   size_t MaxNewSize                               = 1287651328                                {product} {ergonomic}
   size_t MinHeapDeltaBytes                        = 1048576                                   {product} {ergonomic}
   size_t MinHeapSize                              = 8388608                                   {product} {ergonomic}
    uintx NonNMethodCodeHeapSize                   = 5832780                                {pd product} {ergonomic}
    uintx NonProfiledCodeHeapSize                  = 122912730                              {pd product} {ergonomic}
    uintx ProfiledCodeHeapSize                     = 122912730                              {pd product} {ergonomic}
    uintx ReservedCodeCacheSize                    = 251658240                              {pd product} {ergonomic}
     bool SegmentedCodeCache                       = true                                      {product} {ergonomic}
     bool ShowCodeDetailsInExceptionMessages       = true                                   {manageable} {command line}
   size_t SoftMaxHeapSize                          = 2147483648                             {manageable} {ergonomic}
     bool UseCompressedClassPointers               = true                           {product lp64_product} {ergonomic}
     bool UseCompressedOops                        = true                           {product lp64_product} {ergonomic}
     bool UseG1GC                                  = true                                      {product} {ergonomic}
     bool UseLargePagesIndividualAllocation        = false                                  {pd product} {ergonomic}

Logging:
Log output configuration:
 #0: stdout all=warning uptime,level,tags
 #1: stderr all=off uptime,level,tags

Environment Variables:
JAVA_HOME=C:\Program Files\Java\jdk1.8.0_202
PATH=C:/Users/a1306/.p2/pool/plugins/org.eclipse.justj.openjdk.hotspot.jre.full.win32.x86_64_17.0.11.v20240426-1830/jre/bin/server;C:/Users/a1306/.p2/pool/plugins/org.eclipse.justj.openjdk.hotspot.jre.full.win32.x86_64_17.0.11.v20240426-1830/jre/bin;C:\Program Files (x86)\Common Files\Oracle\Java\java8path;C:\Program Files (x86)\Common Files\Oracle\Java\javapath;C:\WINDOWS\system32;C:\WINDOWS;C:\WINDOWS\System32\Wbem;C:\WINDOWS\System32\WindowsPowerShell\v1.0\;C:\Program Files (x86)\Microsoft SQL Server\Client SDK\ODBC\130\Tools\Binn\;C:\Program Files (x86)\Microsoft SQL Server\140\Tools\Binn\;C:\Program Files (x86)\Microsoft SQL Server\140\DTS\Binn\;C:\Program Files (x86)\Microsoft SQL Server\140\Tools\Binn\ManagementStudio\;c:\Program Files (x86)\Microsoft SQL Server\100\Tools\Binn\;c:\Program Files\Microsoft SQL Server\100\Tools\Binn\;c:\Program Files\Microsoft SQL Server\100\DTS\Binn\;C:\Program Files\dotnet\;C:\Program Files\Microsoft SQL Server\130\Tools\Binn\;C:\Program Files\Microsoft SQL Server\Client SDK\ODBC\170\Tools\Binn\;C:\Users\a1306\Desktop\apache-maven-3.8.4\bin;C:\Program Files\Java\jdk1.8.0_202\bin;C:\Program Files\Java\jre1.8.0_202\bin;C:\Program Files\nodejs;C:\ProgramData\chocolatey\bin;C:\WINDOWS\System32\OpenSSH\;C:\Program Files\Git\cmd;C:\Program Files\nodejs\;C:\Users\a1306\AppData\Local\Microsoft\WindowsApps;E:\intellij\IntelliJ IDEA Community Edition 2022.1.2\bin;;C:\Users\a1306\AppData\Local\Programs\Microsoft VS Code\bin;C:\Users\a1306\AppData\Roaming\npm;;C:\Users\a1306\Desktop;
USERNAME=a1306
OS=Windows_NT
PROCESSOR_IDENTIFIER=AMD64 Family 25 Model 17 Stepping 1, AuthenticAMD
TMP=C:\Users\a1306\AppData\Local\Temp
TEMP=C:\Users\a1306\AppData\Local\Temp



Periodic native trim disabled


---------------  S Y S T E M  ---------------

OS:
 Windows 10 , 64 bit Build 19041 (10.0.19041.3636)
OS uptime: 2 days 23:17 hours
VMWare virtualization detected

CPU: total 4 (initial active 4) (2 cores per cpu, 1 threads per core) family 25 model 17 stepping 1 microcode 0x0, cx8, cmov, fxsr, mmx, 3dnowpref, sse, sse2, sse3, ssse3, sse4a, sse4.1, sse4.2, popcnt, lzcnt, tsc, tscinvbit, avx, avx2, aes, erms, clmul, bmi1, bmi2, adx, avx512f, avx512dq, avx512cd, avx512bw, avx512vl, sha, fma, vzeroupper, avx512_vpopcntdq, avx512_vpclmulqdq, avx512_vaes, avx512_vnni, clflush, clflushopt, avx512_vbmi2, avx512_vbmi, hv
Processor Information for all 4 processors :
  Max Mhz: 3100, Current Mhz: 3100, Mhz Limit: 3100

Memory: 4k page, system-wide physical 8191M (1097M free)
TotalPageFile size 14134M (AvailPageFile size 5M)
current process WorkingSet (physical memory assigned to process): 81M, peak: 81M
current process commit charge ("private bytes"): 223M, peak: 225M

vm_info: OpenJDK 64-Bit Server VM (17.0.11+9) for windows-amd64 JRE (17.0.11+9), built on Apr 17 2024 06:07:48 by "admin" with MS VC++ 16.10 / 16.11 (VS2019)

END.
